
> vibe-generated-app@1.0.0 dev
> vite


  VITE v5.4.20  ready in 250 ms

  ➜  Local:   http://localhost:3000/
  ➜  Network: http://172.20.8.83:3000/
3:39:14 PM [vite] Pre-transform error: Transform failed with 1 error:
/home/workspace/src/components/CosmicScroll.jsx:77:16: ERROR: Unexpected closing "span" tag does not match opening "tspan" tag
3:39:20 PM [vite] Internal server error: Transform failed with 1 error:
/home/workspace/src/components/CosmicScroll.jsx:77:16: ERROR: Unexpected closing "span" tag does not match opening "tspan" tag
  Plugin: vite:esbuild
  File: /home/workspace/src/components/CosmicScroll.jsx:77:16
  
  Unexpected closing "span" tag does not match opening "tspan" tag
  75 |                Spec<tspan className="relative inline-block">
  76 |                  <span className={"px-2 rounded-md transition-all duration-700 " + (showSun ? 'text-transparent' : 'text-white')}>u</span>
  77 |                </span>rn
     |                  ^
  78 |              </span>
  79 |            </h2>
  
      at failureErrorWithLog (/home/workspace/node_modules/esbuild/lib/main.js:1472:15)
      at /home/workspace/node_modules/esbuild/lib/main.js:755:50
      at responseCallbacks.<computed> (/home/workspace/node_modules/esbuild/lib/main.js:622:9)
      at handleIncomingPacket (/home/workspace/node_modules/esbuild/lib/main.js:677:12)
      at Socket.readFromStdout (/home/workspace/node_modules/esbuild/lib/main.js:600:7)
      at Socket.emit (node:events:508:28)
      at addChunk (node:internal/streams/readable:559:12)
      at readableAddChunkPushByteMode (node:internal/streams/readable:510:3)
      at Readable.push (node:internal/streams/readable:390:5)
      at Pipe.onStreamRead (node:internal/stream_base_commons:189:23)
